<?xml version="1.0" encoding="UTF-8"?>
<!-- Generated by org.testng.reporters.JUnitXMLReporter -->
<testsuite ignored="0" hostname="NX00368" failures="0" tests="12" name="Test" time="34.272" errors="0" timestamp="2024-09-05T18:25:00 PKT">
  <testcase classname="com.saucedemo.testClasses.InventoryPageTest" name="VerifyProduct1PriceTest" time="0.062"/>
  <testcase classname="com.saucedemo.testClasses.InventoryPageTest" name="addProduct1toCartTest" time="0.065"/>
  <testcase classname="com.saucedemo.testClasses.InventoryPageTest" name="addProduct2toCartTest" time="0.067"/>
  <testcase classname="com.saucedemo.testClasses.InventoryPageTest" name="isProduct1inCartTest" time="0.072"/>
  <testcase classname="com.saucedemo.testClasses.InventoryPageTest" name="isProduct2inCartTest" time="0.075"/>
  <testcase classname="com.saucedemo.testClasses.InventoryPageTest" name="goToCartTest" time="0.251"/>
  <testcase classname="com.saucedemo.testClasses.InventoryPageTest" name="verifyItemsAddedTest" time="0.018"/>
  <testcase classname="com.saucedemo.testClasses.LoginPageTest" name="loginPageTitleTest" time="0.021"/>
  <testcase classname="com.saucedemo.testClasses.LoginPageTest" name="LogoTest" time="0.045"/>
  <testcase classname="com.saucedemo.testClasses.LoginPageTest" name="validLoginTest" time="0.674"/>
  <testcase classname="com.saucedemo.testClasses.CartPageTest" name="verifyCartItemsTest" time="0.443"/>
  <testcase classname="com.saucedemo.testClasses.CartPageTest" name="checkoutButtonTest" time="3.333"/>
</testsuite> <!-- Test -->
