<?xml version="1.0" encoding="UTF-8"?>
<!-- Generated by org.testng.reporters.JUnitXMLReporter -->
<testsuite ignored="0" hostname="NX00368" failures="0" tests="12" name="Test" time="21.164" errors="0" timestamp="2024-09-05T18:28:16 PKT">
  <testcase classname="com.saucedemo.testClasses.InventoryPageTest" name="VerifyProduct1PriceTest" time="0.044"/>
  <testcase classname="com.saucedemo.testClasses.InventoryPageTest" name="addProduct1toCartTest" time="0.072"/>
  <testcase classname="com.saucedemo.testClasses.InventoryPageTest" name="addProduct2toCartTest" time="0.091"/>
  <testcase classname="com.saucedemo.testClasses.InventoryPageTest" name="isProduct1inCartTest" time="0.064"/>
  <testcase classname="com.saucedemo.testClasses.InventoryPageTest" name="isProduct2inCartTest" time="0.055"/>
  <testcase classname="com.saucedemo.testClasses.InventoryPageTest" name="goToCartTest" time="0.093"/>
  <testcase classname="com.saucedemo.testClasses.InventoryPageTest" name="verifyItemsAddedTest" time="0.017"/>
  <testcase classname="com.saucedemo.testClasses.LoginPageTest" name="loginPageTitleTest" time="0.011"/>
  <testcase classname="com.saucedemo.testClasses.LoginPageTest" name="LogoTest" time="0.037"/>
  <testcase classname="com.saucedemo.testClasses.LoginPageTest" name="validLoginTest" time="0.438"/>
  <testcase classname="com.saucedemo.testClasses.CartPageTest" name="verifyCartItemsTest" time="0.081"/>
  <testcase classname="com.saucedemo.testClasses.CartPageTest" name="checkoutButtonTest" time="3.131"/>
</testsuite> <!-- Test -->
