<?xml version="1.0" encoding="UTF-8"?>
<testng-results ignored="0" total="2" passed="2" failed="0" skipped="0">
  <reporter-output>
  </reporter-output>
  <suite started-at="2024-09-09T16:11:03 PKT" name="smoke-suite" finished-at="2024-09-09T16:11:15 PKT" duration-ms="11295">
    <groups>
    </groups>
    <test started-at="2024-09-09T16:11:03 PKT" name="Test" finished-at="2024-09-09T16:11:15 PKT" duration-ms="11295">
      <class name="com.saucedemo.testClasses.CartPageTest">
        <test-method is-config="true" signature="beforeTest()[pri:0, instance:com.saucedemo.testClasses.CartPageTest@1a451d4d]" started-at="2024-09-09T16:11:04 PKT" name="beforeTest" finished-at="2024-09-09T16:11:11 PKT" duration-ms="7787" status="PASS">
          <reporter-output>
          </reporter-output>
        </test-method> <!-- beforeTest -->
        <test-method signature="verifyCartItemsTest()[pri:1, instance:com.saucedemo.testClasses.CartPageTest@1a451d4d]" started-at="2024-09-09T16:11:11 PKT" name="verifyCartItemsTest" finished-at="2024-09-09T16:11:11 PKT" duration-ms="53" status="PASS">
          <reporter-output>
          </reporter-output>
        </test-method> <!-- verifyCartItemsTest -->
        <test-method signature="checkoutButtonTest()[pri:2, instance:com.saucedemo.testClasses.CartPageTest@1a451d4d]" started-at="2024-09-09T16:11:11 PKT" name="checkoutButtonTest" finished-at="2024-09-09T16:11:14 PKT" duration-ms="3082" status="PASS">
          <reporter-output>
          </reporter-output>
        </test-method> <!-- checkoutButtonTest -->
        <test-method is-config="true" signature="afterTest()[pri:0, instance:com.saucedemo.testClasses.CartPageTest@1a451d4d]" started-at="2024-09-09T16:11:14 PKT" name="afterTest" finished-at="2024-09-09T16:11:15 PKT" duration-ms="312" status="PASS">
          <reporter-output>
          </reporter-output>
        </test-method> <!-- afterTest -->
      </class> <!-- com.saucedemo.testClasses.CartPageTest -->
    </test> <!-- Test -->
  </suite> <!-- smoke-suite -->
</testng-results>
