<?xml version="1.0" encoding="UTF-8"?>
<testsuite xmlns:xsi="http://www.w3.org/2001/XMLSchema-instance" xsi:noNamespaceSchemaLocation="https://maven.apache.org/surefire/maven-surefire-plugin/xsd/surefire-test-report.xsd" version="3.0.2" name="TestSuite" time="22.163" tests="12" errors="0" skipped="0" failures="0">
  <properties>
[...]
</properties>
  <testcase name="VerifyProduct1PriceTest" classname="com.saucedemo.testClasses.InventoryPageTest" time="0.043">
    <system-out><![CDATA[Login successfully
Login successfully
]]></system-out>
    <system-err><![CDATA[SLF4J: Failed to load class "org.slf4j.impl.StaticLoggerBinder".
SLF4J: Defaulting to no-operation (NOP) logger implementation
SLF4J: See http://www.slf4j.org/codes.html#StaticLoggerBinder for further details.
]]></system-err>
  </testcase>
  <testcase name="addProduct1toCartTest" classname="com.saucedemo.testClasses.InventoryPageTest" time="0.082"/>
  <testcase name="addProduct2toCartTest" classname="com.saucedemo.testClasses.InventoryPageTest" time="0.091"/>
  <testcase name="isProduct1inCartTest" classname="com.saucedemo.testClasses.InventoryPageTest" time="0.062"/>
  <testcase name="isProduct2inCartTest" classname="com.saucedemo.testClasses.InventoryPageTest" time="0.054"/>
  <testcase name="goToCartTest" classname="com.saucedemo.testClasses.InventoryPageTest" time="0.094"/>
  <testcase name="verifyItemsAddedTest" classname="com.saucedemo.testClasses.InventoryPageTest" time="0.043">
    <system-out><![CDATA[[Sauce Labs Backpack, Sauce Labs Bolt T-Shirt]
]]></system-out>
  </testcase>
  <testcase name="loginPageTitleTest" classname="com.saucedemo.testClasses.LoginPageTest" time="0.0"/>
  <testcase name="LogoTest" classname="com.saucedemo.testClasses.LoginPageTest" time="0.027"/>
  <testcase name="validLoginTest" classname="com.saucedemo.testClasses.LoginPageTest" time="0.44">
    <system-out><![CDATA[Login successfully
]]></system-out>
  </testcase>
  <testcase name="verifyCartItemsTest" classname="com.saucedemo.testClasses.CartPageTest" time="0.081">
    <system-out><![CDATA[Cart Items: [Sauce Labs Backpack, Sauce Labs Bolt T-Shirt]
]]></system-out>
  </testcase>
  <testcase name="checkoutButtonTest" classname="com.saucedemo.testClasses.CartPageTest" time="3.132"/>
</testsuite>