<?xml version="1.0" encoding="UTF-8"?>
<testng-results ignored="0" total="2" passed="2" failed="0" skipped="0">
  <reporter-output>
  </reporter-output>
  <suite started-at="2024-09-11T13:33:44 PKT" name="smoke-suite" finished-at="2024-09-11T13:34:09 PKT" duration-ms="24679">
    <groups>
    </groups>
    <test started-at="2024-09-11T13:33:44 PKT" name="Test" finished-at="2024-09-11T13:34:09 PKT" duration-ms="24679">
      <class name="com.saucedemo.testClasses.CartPageTest">
        <test-method is-config="true" signature="beforeTest()[pri:0, instance:com.saucedemo.testClasses.CartPageTest@6b2ea799]" started-at="2024-09-11T13:33:44 PKT" name="beforeTest" finished-at="2024-09-11T13:34:05 PKT" duration-ms="20993" status="PASS">
          <reporter-output>
          </reporter-output>
        </test-method> <!-- beforeTest -->
        <test-method signature="verifyCartItemsTest()[pri:1, instance:com.saucedemo.testClasses.CartPageTest@6b2ea799]" started-at="2024-09-11T13:34:05 PKT" name="verifyCartItemsTest" finished-at="2024-09-11T13:34:05 PKT" duration-ms="79" status="PASS">
          <reporter-output>
          </reporter-output>
        </test-method> <!-- verifyCartItemsTest -->
        <test-method signature="checkoutButtonTest()[pri:2, instance:com.saucedemo.testClasses.CartPageTest@6b2ea799]" started-at="2024-09-11T13:34:05 PKT" name="checkoutButtonTest" finished-at="2024-09-11T13:34:08 PKT" duration-ms="3083" status="PASS">
          <reporter-output>
          </reporter-output>
        </test-method> <!-- checkoutButtonTest -->
        <test-method is-config="true" signature="afterTest()[pri:0, instance:com.saucedemo.testClasses.CartPageTest@6b2ea799]" started-at="2024-09-11T13:34:08 PKT" name="afterTest" finished-at="2024-09-11T13:34:09 PKT" duration-ms="399" status="PASS">
          <reporter-output>
          </reporter-output>
        </test-method> <!-- afterTest -->
      </class> <!-- com.saucedemo.testClasses.CartPageTest -->
    </test> <!-- Test -->
  </suite> <!-- smoke-suite -->
</testng-results>
